
====<  Solution to the problem from input/10.in  >====

Execution time: 0.011 s

The knight's shortest path consists of 27 steps:
[(1,57),(3,58),(5,59),(7,60),(9,61),(11,60),(13,59),(15,58),(16,56),
(17,54),(18,52),(19,50),(20,48),(21,46),(22,44),(23,42),(24,40),(25,38),
(24,36),(25,34),(24,32),(25,30),(24,28),(25,26),(24,24),(25,22),(23,21),
(25,20)]

Graphical representation:

........................................................
.....................................#######.....S......
.................................###############........
................................####.........####.1.....
...............................####...........####......
..............................###...............###2....
..............................###...............###.....
.............................###.................###3...
.............................##...................##....
............................###...................###4..
.............................##...................##....
.............................###.................###5...
..............................###...............###.....
..............................###...............###6....
...............................####...........####......
................................####.........####.7.....
..####...........................###############8.......
...####............................###########9.........
....#####............................#######0...........
......#####...............................1.............
........######...............##.........2...............
..........#######################.....3.................
............###################.....4...................
.............6..###########.......5.....................
................4...2...0...8...6.......................
............D.5...3...1...9...7.........................
........................................................

