
====<  Solution to the problem from input/11.in  >====

Execution time: 0.018 s

The knight's shortest path consists of 35 steps:
[(0,35),(2,36),(4,37),(6,38),(8,39),(10,38),(12,37),(11,35),(10,33),
(9,31),(8,29),(7,27),(6,25),(5,23),(4,21),(3,19),(2,17),(1,15),(0,13),
(-1,11),(0,9),(-1,7),(0,5),(-1,3),(0,1),(-1,-1),(0,-3),(-1,-5),(0,-7),
(-1,-9),(0,-11),(-1,-13),(0,-15),(-1,-17),(-2,-19),(0,-20)]

Graphical representation:

................................................................
.........................................................#......
........................................................###.....
.......................................................####.....
......................................................####......
.....................................................####.......
....................................................####........
...................................................####.........
..................................................####..........
.................................................####...........
...............................................#####............
..............................................#####.............
...4..........................................####..............
.....3...1...9...7...5...3...1...9...........######.............
..D....2...0...8...6...4...2...0...8.........#######.....S......
.....................................7........#.#####...........
.......................................6.........#####....1.....
.........................................5........#####.........
...........................................4.......#####...2....
.............................................3......#####.......
...............................................2.....#####..3...
.................................................1....#####.....
...................................................0...#####.4..
.....................................................9..####....
.......................................................8.###5...
.........................................................7#.....
...........................................................6....
................................................................

