
====<  Solution to the problem from input/12.in  >====

Execution time: 0.016 s

The knight's shortest path consists of 29 steps:
[(0,-20),(-1,-18),(0,-16),(-1,-14),(0,-12),(-1,-10),(0,-8),(1,-6),
(2,-4),(3,-2),(4,0),(5,2),(6,4),(7,6),(8,8),(9,10),(10,12),(12,13),
(13,15),(12,17),(11,19),(10,21),(9,23),(8,25),(7,27),(6,29),(4,30),
(3,32),(1,33),(0,35)]

Graphical representation:

   ............................................................
   ....................................#.......................
   ...................................###......................
   ...................................####.....................
   ...................................#####....................
   ....................................#####...................
   .....................................#####..................
   ......................................#####.................
   .......................................#####................
   ........................................#####...............
   .........................................#####..............
   ..........................................#####.............
   ...........................................######...........
   ....1...3...5...............................######..........
   ..S...2...4...6..............................#####.......D..
   ................7............................####......8....
   ..................8.........................####............
   ....................9......................####.......7.....
   ......................0...................####......6.......
   ........................1................####...............
   ..........................2.............####.......5........
   ............................3..........####......4..........
   ..............................4.......####.....3............
   ................................5....####....2..............
   ..................................6.####...1................
   ....................................###..0..................
   ...................................7.#.9....................
   .....................................8......................
   ............................................................

