
====<  Solution to the problem from input/13.in  >====

Execution time: 0.002 s

There does not exist any path for the given problem.

Graphical representation:

   ....................................................................................................
   ..D.................................................................................................
   .....................................................#######........................................
   ...................................................###########......................................
   .................................................###############....................................
   ................................................####.........####...................................
   ...............................................####...........####..................................
   ..............................................###...............###.................................
   ..............................................###...............###.................................
   .............................................###.................###................................
   .............................................##...................##................................
   ............................................###...................###...............................
   ............................................###...................###...............................
   ............................................###...................###...............................
   ............................................###..S................###...............................
   ............................................###...................###...............................
   ............................................###...................###...............................
   ............................................###...................###...............................
   .............................................##...................##................................
   .............................................###.................###................................
   ..............................................###...............###.................................
   ..............................................###...............###.................................
   ...............................................####...........####..................................
   ................................................####.........####..###########......................
   .................................................################################...................
   ...................................................#################################................
   .....................................................#############.............######...............
   ..........................................................#####...................#####.............
   .........................................................####.......................####............
   .......................................................#####.........................#####..........
   ......................................................####.............................####.........
   .....................................................####...............................####........
   .....................................................###.................................###........
   ....................................................###...................................###.......
   ...................................................###.....................................###......
   ...................................................###.....................................###......
   ..................................................###.......................................###.....
   .................................................###.........................................###....
   .................................................###.........................................###....
   .................................................##...........................................##....
   ................................................###...........................................###...
   ................................................###...........................................###...
   ................................................##.............................................##...
   ...............................................###.............................................###..
   ...............................................###.............................................###..
   ...............................................###.............................................###..
   ...............................................###.............................................###..
   ...............................................###.............................................###..
   ...............................................###.............................................###..
   ...............................................###.............................................###..
   ...............................................###.............................................###..
   ...............................................###.............................................###..
   ...............................................###.............................................###..
   ...............................................###.............................................###..
   ................................................##.............................................##...
   ................................................###...........................................###...
   ................................................###...........................................###...
   .................................................##...........................................##....
   .................................................###.........................................###....
   .................................................###.........................................###....
   ..................................................###.......................................###.....
   ...................................................###.....................................###......
   ...................................................###.....................................###......
   ....................................................###...................................###.......
   .....................................................###.................................###........
   .....................................................####...............................####........
   ......................................................####.............................####.........
   .......................................................#####.........................#####..........
   .........................................................####.......................####............
   ..........................................................#####...................#####.............
   ............................................................######.............######...............
   .............................................................#######################................
   ................................................................#################...................
   ...................................................................###########......................
   ....................................................................................................

