
====<  Solution to the problem from input/2.in  >====

Execution time: 0.040 s

The knight's shortest path consists of 45 steps:
[(30,-39),(28,-40),(27,-38),(26,-36),(25,-34),(23,-33),(22,-31),(21,-29),
(20,-27),(19,-25),(18,-23),(17,-21),(15,-20),(13,-19),(12,-17),(11,-15),
(10,-13),(9,-11),(8,-9),(7,-7),(6,-5),(5,-3),(4,-1),(3,1),(2,3),
(1,5),(-1,6),(-2,8),(-4,9),(-5,11),(-7,12),(-9,13),(-10,15),(-11,17),
(-13,18),(-14,20),(-16,21),(-17,23),(-19,24),(-20,26),(-22,27),(-23,29),
(-25,30),(-26,32),(-27,34),(-29,35)]

Graphical representation:

....................................................................................
.....#..##...............#..........#...........................#...#......#...#....
...........###..#.....#...#..#..............................#.....#.......#..D......
.............#......#......##.....#.........#..............................#........
......##.............#.................#..........#.....#.................#.4.......
.......#..#...........#.........#......#............#.....................3.........
..........#...............................#.............................2.#.........
.........................................................#.............#........#...
........#.....#...#..#.....................#.......................#...1............
...........#............##.................##.....#..........#.......0.#............
.....##.....................#.......................................................
.......................#..........#.....#....#............#.........9..#............
..................#....................................#..........8...#..#...#......
....................................................................................
.....#..............#..............................#...#.........7...##...#.........
.......#.......................................................6.......#............
...#...............#.....#.........................#...............#.#.........##...
.................................#........#...............##..5.....................
.......#.......#............................................4.............#.........
.........................#............................#................#........#...
...#.......#.......#..............#..#.....................3.......#...#.##.........
....##.............#............#.......................#2...#....#...##............
...............#..........................##...........1....#................##.....
...........#......#......#...........#...#..............#...........#....#..........
.................................##.........#.........0....................#...#.#..
.....#...............#.......#.................#.#....#...........#.................
..#..#.........#...#......#..................#.......9..............................
...............#......#............#...............8................................
...................................#.......#....#........#...#......................
.............#...............................#.#..7..........#...#.....#.#..........
..............................##................6...###....................#........
.......#........#.......#......#..#....#....##....#..#.#.....#..................##..
.....................#......................#..5.............#.........#............
.............#................#..............4....#....#..#......##........#........
...#........#............#....##.......#...3....#....#..............................
.................#..#....................2..............#.........#......#..........
...##...............................#.#1..........#....................#.....#......
.....##...............#.............#0.......##...........#.........#...............
....#.....................#...#....9.....................#.....................#....
.....#..##..........#............8..........#.#...........##.............##...#.....
.....#............#............7.............#..##.#....#............##.........#...
.............................6#.................#.....#...............#...#.........
...#....#........#.##......5..........#........#..#.##.......#....#..#..#...........
............#............4.....#....#........#............................#..#......
..........#............3.....#................................................#.....
.....................#.....................................#..#..............#......
...............#....#.2..................#....#.....................................
..........#..#......#......................#..#.....................................
...#...#..#..........1.....................................#...................#....
...................0........#......#....................#.......................#...
........#...#.#..9....................#....................#.........#....#.........
..........#....8............#................#............#...#.........#.#.........
.........#...7.............#.........#..................................#........#..
...#..#....6...............................................................#.#......
.........5.........#.....##.............#................#..........................
...............#.............................#......##...#..#......#............#...
...#....4......#...#................................#.................#.............
......3....#.#........#......#............#.......#....##...#............#..........
....2..#..............#.........................#...............#...................
..1..........................#................................#..........##....#....
............#................##..........................#...#......................
...S................................................................................
....................................................................................

