
====<  Solution to the problem from input/7.in  >====

Execution time: 0.001 s

The knight's shortest path consists of 105 steps:
[(8,5),(6,6),(4,7),(3,9),(4,11),(6,10),(7,12),(6,14),(4,15),(2,16),
(3,18),(2,20),(3,22),(2,24),(3,26),(2,28),(3,30),(2,32),(3,34),(2,36),
(3,38),(2,40),(3,42),(4,44),(6,43),(8,44),(10,43),(12,44),(14,43),
(16,44),(18,43),(20,44),(22,43),(24,42),(23,40),(21,39),(19,40),(17,39),
(15,40),(13,39),(11,40),(9,39),(7,38),(8,36),(10,35),(12,36),(14,35),
(16,36),(18,35),(20,36),(22,35),(23,33),(22,31),(20,32),(18,31),(16,32),
(14,31),(12,32),(10,31),(8,32),(7,30),(8,28),(10,27),(12,28),(14,27),
(16,28),(18,27),(20,28),(22,27),(23,25),(21,24),(19,23),(17,24),(15,23),
(13,24),(11,23),(9,24),(7,23),(6,21),(8,20),(10,19),(12,20),(14,19),
(16,20),(18,19),(20,20),(22,19),(23,17),(22,15),(23,13),(22,11),(23,9),
(22,7),(23,5),(22,3),(20,2),(19,4),(18,6),(17,8),(18,10),(17,12),(19,13),
(17,14),(16,16),(14,15),(13,13)]

Graphical representation:

...................................................
..###############################################..
..###############################################..
..##..##......##..9...1...3...5...7...9...1....##..
..##..##...3..##....0...2...4...6...8...0...2..##..
..##..##.2##.4##.8###########################.3##..
..##..##..##..##..###########################..##..
..##..##1.##5.##7.###..8...##......##......##4.##..
..##......##..6...###..##7.##...0..##...2..##..##..
..##...S..##......###.9##..##.1##.9##.3##..##.5##..
..###################..##.6##..##..##..##1.##..##..
..###################0.##..##2.##8.##4.##..##6.##..
..###################..##5.##..##..##..##.0##..##..
..##...............##.1##..##.3##.7##.5##..##.7##..
..##...........D...##..##.4##..##..##..##9.##..##..
..##.............4.##2.##..##4.##6.##6.##..##8.##..
..################.##..##3.##..##..##..##.8##..##..
..################3##.3##..##.5##.5##.7##..##.9##..
..##......8...0.2..##..##.2##..##..##..##7.##..##..
..##....7...9......##4.##..##6.##4.##8.##..##0.##..
..##..6........1...##..##1.##..##..##..##.6##..##..
..##5################.5##..##.7##.3##.9##..##.1##..
..##.################..##.0##..##..##..##5.##..##..
..##.4...2...0...8...6.##....8.##2...0.##..##2.##..
..##...3...1...9...7...##..9...##..1...##.4##..##..
..##...................##......##......##...3..##..
..###############################################..
..###############################################..
...................................................

