
====<  Solution to the problem from input/8.in  >====

Execution time: 0.005 s

The knight's shortest path consists of 33 steps:
[(0,14),(-2,13),(0,12),(-1,10),(0,8),(-1,6),(0,4),(-1,2),(-2,0),(-3,-2),
(-4,-4),(-6,-3),(-8,-2),(-10,-1),(-11,1),(-12,3),(-13,5),(-12,7),
(-13,9),(-12,11),(-11,13),(-10,15),(-8,16),(-6,17),(-4,18),(-3,20),
(-2,22),(-1,24),(0,26),(-1,28),(0,30),(-1,32),(-2,34),(0,35)]

Graphical representation:

............................................
...........6...8............................
.........5...7...9..........................
.......4..#######..0........................
.....3..###########..1......................
......###############.......................
....2####.........####2.....................
....####...........####.....................
...1###.............###3....................
...###...............###....................
..0##.................##4...................
..##9.................###.5.................
......8............1..###...6...........2...
........7...5...3.....###.....7...9...1.....
..........6...4...2.S.###.......8...0....D..
......................###...................
......................###...................
..##..................###...................
...##.................##....................
...###...............###....................
....###.............###.....................
....####...........####.....................
.....####.........####......................
......###############.......................
........###########.........................
..........#######...........................
............................................

