
====<  Solution to the problem from input/9.in  >====

Execution time: 0.008 s

The knight's shortest path consists of 24 steps:
[(0,20),(-1,22),(-2,20),(-4,19),(-6,18),(-8,17),(-9,15),(-10,13),(-11,11),
(-12,9),(-13,7),(-12,5),(-11,3),(-10,1),(-9,-1),(-8,-3),(-7,-5),(-6,-7),
(-5,-9),(-4,-11),(-3,-13),(-2,-15),(-1,-17),(-2,-19),(0,-20)]

Graphical representation:

   ...............................................
   .............................0.................
   ...........................1...9...............
   .........................2#######8.............
   .......................3###########7...........
   .....................4###############6.........
   ...................5.####.........####.5.......
   .................6..####...........####........
   ...............7....###.............###.4......
   .............8.....###...............###.......
   ...........9.......##.................##.3.....
   .........0........##..................###......
   ...3...1..............................###.2....
   .....2................................###...1..
   ..D...................................###.S....
   ......................................###......
   ......................................###......
   ..................##..................###......
   ...................##.................##.......
   ...................###...............###.......
   ....................###.............###........
   ....................####...........####........
   .....................####.........####.........
   ......................###############..........
   ........................###########............
   ..........................#######..............
   ...............................................

